<?xml version="1.0" encoding="UTF-8"?>
<!-- Generated by org.testng.reporters.JUnitReportReporter -->
<testsuite hostname="Gustavo-PC" failures="0" tests="1" name="Desafios_practicas.Tooltips" time="20.255" errors="0" timestamp="2022-06-20T23:01:50 ART" skipped="0">
  <testcase classname="Desafios_practicas.Tooltips" name="toolTips" time="20.255"/>
  <system-out/>
</testsuite> <!-- Desafios_practicas.Tooltips -->
