<?xml version="1.0" encoding="UTF-8"?>
<!-- Generated by org.testng.reporters.JUnitReportReporter -->
<testsuite hostname="Gustavo-PC" failures="0" tests="2" name="Desafios_practicas.Laboratorio_2" time="140.949" errors="0" timestamp="2022-05-24T15:14:00 ART" skipped="0">
  <testcase classname="Desafios_practicas.Laboratorio_2" name="buscarEnFirefox" time="112.143"/>
  <system-out/>
  <testcase classname="Desafios_practicas.Laboratorio_2" name="buscarEnChrome" time="28.806"/>
  <system-out/>
</testsuite> <!-- Desafios_practicas.Laboratorio_2 -->
