<?xml version="1.0" encoding="UTF-8"?>
<!-- Generated by org.testng.reporters.JUnitReportReporter -->
<testsuite hostname="Gustavo-PC" failures="0" tests="1" name="Desafios_practicas.DragAndDrop" time="29.180" errors="0" timestamp="2022-06-20T22:08:42 ART" skipped="0">
  <testcase classname="Desafios_practicas.DragAndDrop" name="main" time="29.180"/>
  <system-out/>
</testsuite> <!-- Desafios_practicas.DragAndDrop -->
