<?xml version="1.0" encoding="UTF-8"?>
<!-- Generated by org.testng.reporters.JUnitReportReporter -->
<testsuite hostname="Gustavo-PC" failures="0" tests="2" name="Desafios_practicas.Laboratorio_4" time="14.606" errors="0" timestamp="2022-05-24T15:14:00 ART" skipped="0">
  <testcase classname="Desafios_practicas.Laboratorio_4" name="irContactanos" time="10.759"/>
  <system-out/>
  <testcase classname="Desafios_practicas.Laboratorio_4" name="buscarPalabra" time="3.847"/>
  <system-out/>
</testsuite> <!-- Desafios_practicas.Laboratorio_4 -->
