<?xml version="1.0" encoding="UTF-8"?>
<!-- Generated by org.testng.reporters.JUnitReportReporter -->
<testsuite hostname="Gustavo-PC" failures="0" tests="1" name="Desafios_practicas.Practicas.AppTest" time="0.015" errors="0" timestamp="2022-05-23T17:02:15 ART" skipped="0">
  <testcase classname="Desafios_practicas.Practicas.AppTest" name="imprimirEnConsola" time="0.015"/>
  <system-out/>
</testsuite> <!-- Desafios_practicas.Practicas.AppTest -->
