<?xml version="1.0" encoding="UTF-8"?>
<!-- Generated by org.testng.reporters.JUnitReportReporter -->
<testsuite hostname="Gustavo-PC" failures="0" tests="1" name="Desafios_practicas.DobleClick_RightClick" time="39.559" errors="0" timestamp="2022-06-20T21:23:01 ART" skipped="0">
  <testcase classname="Desafios_practicas.DobleClick_RightClick" name="main" time="39.559"/>
  <system-out/>
</testsuite> <!-- Desafios_practicas.DobleClick_RightClick -->
