<?xml version="1.0" encoding="UTF-8"?>
<!-- Generated by org.testng.reporters.JUnitReportReporter -->
<testsuite hostname="Gustavo-PC" failures="0" tests="1" name="Desafios_practicas.Desafio_1" time="15.160" errors="0" timestamp="2022-05-24T15:14:00 ART" skipped="0">
  <testcase classname="Desafios_practicas.Desafio_1" name="desafioChromeSauce" time="15.160"/>
  <system-out/>
</testsuite> <!-- Desafios_practicas.Desafio_1 -->
