<?xml version="1.0" encoding="UTF-8"?>
<!-- Generated by org.testng.reporters.JUnitReportReporter -->
<testsuite hostname="Gustavo-PC" failures="0" tests="1" name="Desafios_practicas.Laboratorio_3" time="27.251" errors="0" timestamp="2022-05-24T15:14:00 ART" skipped="0">
  <testcase classname="Desafios_practicas.Laboratorio_3" name="createAccount" time="27.251"/>
  <system-out/>
</testsuite> <!-- Desafios_practicas.Laboratorio_3 -->
