<?xml version="1.0" encoding="UTF-8"?>
<!-- Generated by org.testng.reporters.JUnitReportReporter -->
<testsuite hostname="Gustavo-PC" failures="0" tests="1" name="ScripsTests.TestHomeAndLogin" time="19.564" errors="0" timestamp="2022-06-20T21:02:31 ART" skipped="0">
  <testcase classname="ScripsTests.TestHomeAndLogin" name="signInLogin" time="19.564"/>
  <system-out/>
</testsuite> <!-- ScripsTests.TestHomeAndLogin -->
