<?xml version="1.0" encoding="UTF-8"?>
<!-- Generated by org.testng.reporters.JUnitReportReporter -->
<testsuite hostname="Gustavo-PC" failures="0" tests="1" name="Desafios_practicas.Laboratorio_6b" time="11.581" errors="0" timestamp="2022-06-01T19:43:26 ART" skipped="0">
  <testcase classname="Desafios_practicas.Laboratorio_6b" name="buscarPalabraConImagen" time="11.581"/>
  <system-out/>
</testsuite> <!-- Desafios_practicas.Laboratorio_6b -->
